<?xml version="1.0" encoding="UTF-8"?>
<!-- Generated by org.testng.reporters.JUnitXMLReporter -->
<testsuite ignored="0" hostname="Dell" failures="0" tests="4" name="GoRestAPIS" time="4.017" errors="0" timestamp="2024-09-16T17:27:18 GMT-05:00">
  <testcase classname="api.tests.UserTests" name="createUser" time="2.214"/>
  <testcase classname="api.tests.UserTests" name="getUser" time="0.348"/>
  <testcase classname="api.tests.UserTests" name="updateUser" time="0.35"/>
  <testcase classname="api.tests.UserTests" name="deleteUser" time="0.345"/>
</testsuite> <!-- GoRestAPIS -->
