<?xml version="1.0" encoding="UTF-8"?>
<testng-results ignored="0" total="4" passed="4" failed="0" skipped="0">
  <reporter-output>
  </reporter-output>
  <suite started-at="2024-09-16T17:27:14 GMT-05:00" name="APITests" finished-at="2024-09-16T17:27:18 GMT-05:00" duration-ms="4017">
    <groups>
    </groups>
    <test started-at="2024-09-16T17:27:14 GMT-05:00" name="GoRestAPIS" finished-at="2024-09-16T17:27:18 GMT-05:00" duration-ms="4017">
      <class name="api.tests.UserTests">
        <test-method is-config="true" signature="userPayLoad()[pri:0, instance:api.tests.UserTests@123ef382]" started-at="2024-09-16T17:27:14 GMT-05:00" name="userPayLoad" finished-at="2024-09-16T17:27:14 GMT-05:00" duration-ms="528" status="PASS">
          <reporter-output>
          </reporter-output>
        </test-method> <!-- userPayLoad -->
        <test-method signature="createUser()[pri:1, instance:api.tests.UserTests@123ef382]" started-at="2024-09-16T17:27:14 GMT-05:00" name="createUser" finished-at="2024-09-16T17:27:17 GMT-05:00" duration-ms="2214" status="PASS">
          <reporter-output>
          </reporter-output>
        </test-method> <!-- createUser -->
        <test-method signature="getUser()[pri:2, instance:api.tests.UserTests@123ef382]" started-at="2024-09-16T17:27:17 GMT-05:00" name="getUser" finished-at="2024-09-16T17:27:17 GMT-05:00" duration-ms="348" status="PASS">
          <reporter-output>
          </reporter-output>
        </test-method> <!-- getUser -->
        <test-method signature="updateUser()[pri:3, instance:api.tests.UserTests@123ef382]" started-at="2024-09-16T17:27:17 GMT-05:00" name="updateUser" finished-at="2024-09-16T17:27:17 GMT-05:00" duration-ms="350" status="PASS">
          <reporter-output>
          </reporter-output>
        </test-method> <!-- updateUser -->
        <test-method signature="deleteUser()[pri:4, instance:api.tests.UserTests@123ef382]" started-at="2024-09-16T17:27:17 GMT-05:00" name="deleteUser" finished-at="2024-09-16T17:27:18 GMT-05:00" duration-ms="345" status="PASS">
          <reporter-output>
          </reporter-output>
        </test-method> <!-- deleteUser -->
      </class> <!-- api.tests.UserTests -->
    </test> <!-- GoRestAPIS -->
  </suite> <!-- APITests -->
</testng-results>
